2025-01-06 14:12:56,347 INFO Main: РќР°С‡Р°Р»Рѕ СЃРєР°С‡РµРє. РљРѕР»РёС‡РµСЃС‚РІРѕ СѓС‡Р°СЃС‚РЅРёРєРѕРІ: 7
2025-01-06 14:12:56,413 INFO Main: РћРєРѕРЅС‡Р°РЅРёРµ СЃРєР°С‡РµРє. РџРѕР±РµРґРёС‚РµР»СЊ: Cherry
2025-01-06 14:36:22,832 ERROR Hippodrome: Horses list is null
2025-01-06 14:45:42,906 ERROR Hippodrome: Horses list is empty
2025-01-06 14:51:23,656 INFO Main: РќР°С‡Р°Р»Рѕ СЃРєР°С‡РµРє. РљРѕР»РёС‡РµСЃС‚РІРѕ СѓС‡Р°СЃС‚РЅРёРєРѕРІ: 7
2025-01-06 14:51:23,721 INFO Main: РћРєРѕРЅС‡Р°РЅРёРµ СЃРєР°С‡РµРє. РџРѕР±РµРґРёС‚РµР»СЊ: Cherry
2025-01-06 14:55:32,609 INFO Main: РќР°С‡Р°Р»Рѕ СЃРєР°С‡РµРє. РљРѕР»РёС‡РµСЃС‚РІРѕ СѓС‡Р°СЃС‚РЅРёРєРѕРІ: 7
2025-01-06 14:55:32,671 INFO Main: РћРєРѕРЅС‡Р°РЅРёРµ СЃРєР°С‡РµРє. РџРѕР±РµРґРёС‚РµР»СЊ: Cherry
2025-01-06 14:56:53,106 DEBUG Hippodrome: РЎРѕР·РґР°РЅРёРµ Hippodrome, Р»РѕС€Р°РґРµР№ [7]
2025-01-06 14:56:53,112 INFO Main: РќР°С‡Р°Р»Рѕ СЃРєР°С‡РµРє. РљРѕР»РёС‡РµСЃС‚РІРѕ СѓС‡Р°СЃС‚РЅРёРєРѕРІ: 7
2025-01-06 14:56:53,162 INFO Main: РћРєРѕРЅС‡Р°РЅРёРµ СЃРєР°С‡РµРє. РџРѕР±РµРґРёС‚РµР»СЊ: Cherry
2025-01-06 17:59:30,448 ERROR Horse: Name is null
2025-01-06 18:00:18,010 ERROR Horse: Name is blank
2025-01-06 18:01:00,036 ERROR Horse: Speed is negative
2025-01-06 18:01:35,295 ERROR Horse: Distance is negative
2025-01-06 18:03:20,642 DEBUG Horse: РЎРѕР·РґР°РЅРёРµ Horse, РёРјСЏ [Bucephalus}], СЃРєРѕСЂРѕСЃС‚СЊ [2.4}]
2025-01-06 18:03:20,648 DEBUG Horse: РЎРѕР·РґР°РЅРёРµ Horse, РёРјСЏ [Ace of Spades}], СЃРєРѕСЂРѕСЃС‚СЊ [2.5}]
2025-01-06 18:03:20,649 DEBUG Horse: РЎРѕР·РґР°РЅРёРµ Horse, РёРјСЏ [Zephyr}], СЃРєРѕСЂРѕСЃС‚СЊ [2.6}]
2025-01-06 18:03:20,649 DEBUG Horse: РЎРѕР·РґР°РЅРёРµ Horse, РёРјСЏ [Blaze}], СЃРєРѕСЂРѕСЃС‚СЊ [2.7}]
2025-01-06 18:03:20,649 DEBUG Horse: РЎРѕР·РґР°РЅРёРµ Horse, РёРјСЏ [Lobster}], СЃРєРѕСЂРѕСЃС‚СЊ [2.8}]
2025-01-06 18:03:20,650 DEBUG Horse: РЎРѕР·РґР°РЅРёРµ Horse, РёРјСЏ [Pegasus}], СЃРєРѕСЂРѕСЃС‚СЊ [2.9}]
2025-01-06 18:03:20,650 DEBUG Horse: РЎРѕР·РґР°РЅРёРµ Horse, РёРјСЏ [Cherry}], СЃРєРѕСЂРѕСЃС‚СЊ [3.0}]
2025-01-06 18:03:20,651 DEBUG Hippodrome: РЎРѕР·РґР°РЅРёРµ Hippodrome, Р»РѕС€Р°РґРµР№ [7]
2025-01-06 18:03:20,652 INFO Main: РќР°С‡Р°Р»Рѕ СЃРєР°С‡РµРє. РљРѕР»РёС‡РµСЃС‚РІРѕ СѓС‡Р°СЃС‚РЅРёРєРѕРІ: 7
2025-01-06 18:03:20,699 INFO Main: РћРєРѕРЅС‡Р°РЅРёРµ СЃРєР°С‡РµРє. РџРѕР±РµРґРёС‚РµР»СЊ: Cherry
2025-01-06 18:04:15,184 DEBUG Horse: РЎРѕР·РґР°РЅРёРµ Horse, РёРјСЏ [Bucephalus], СЃРєРѕСЂРѕСЃС‚СЊ [2.4]
2025-01-06 18:04:15,189 DEBUG Horse: РЎРѕР·РґР°РЅРёРµ Horse, РёРјСЏ [Ace of Spades], СЃРєРѕСЂРѕСЃС‚СЊ [2.5]
2025-01-06 18:04:15,189 DEBUG Horse: РЎРѕР·РґР°РЅРёРµ Horse, РёРјСЏ [Zephyr], СЃРєРѕСЂРѕСЃС‚СЊ [2.6]
2025-01-06 18:04:15,189 DEBUG Horse: РЎРѕР·РґР°РЅРёРµ Horse, РёРјСЏ [Blaze], СЃРєРѕСЂРѕСЃС‚СЊ [2.7]
2025-01-06 18:04:15,189 DEBUG Horse: РЎРѕР·РґР°РЅРёРµ Horse, РёРјСЏ [Lobster], СЃРєРѕСЂРѕСЃС‚СЊ [2.8]
2025-01-06 18:04:15,190 DEBUG Horse: РЎРѕР·РґР°РЅРёРµ Horse, РёРјСЏ [Pegasus], СЃРєРѕСЂРѕСЃС‚СЊ [2.9]
2025-01-06 18:04:15,190 DEBUG Horse: РЎРѕР·РґР°РЅРёРµ Horse, РёРјСЏ [Cherry], СЃРєРѕСЂРѕСЃС‚СЊ [3.0]
2025-01-06 18:04:15,191 DEBUG Hippodrome: РЎРѕР·РґР°РЅРёРµ Hippodrome, Р»РѕС€Р°РґРµР№ [7]
2025-01-06 18:04:15,191 INFO Main: РќР°С‡Р°Р»Рѕ СЃРєР°С‡РµРє. РљРѕР»РёС‡РµСЃС‚РІРѕ СѓС‡Р°СЃС‚РЅРёРєРѕРІ: 7
2025-01-06 18:04:15,240 INFO Main: РћРєРѕРЅС‡Р°РЅРёРµ СЃРєР°С‡РµРє. РџРѕР±РµРґРёС‚РµР»СЊ: Pegasus
2025-01-06 18:10:05,361 DEBUG Horse: РЎРѕР·РґР°РЅРёРµ Horse, РёРјСЏ [Bucephalus], СЃРєРѕСЂРѕСЃС‚СЊ [2.4]
2025-01-06 18:10:05,369 DEBUG Horse: РЎРѕР·РґР°РЅРёРµ Horse, РёРјСЏ [Ace of Spades], СЃРєРѕСЂРѕСЃС‚СЊ [2.5]
2025-01-06 18:10:05,369 DEBUG Horse: РЎРѕР·РґР°РЅРёРµ Horse, РёРјСЏ [Zephyr], СЃРєРѕСЂРѕСЃС‚СЊ [2.6]
2025-01-06 18:10:05,369 DEBUG Horse: РЎРѕР·РґР°РЅРёРµ Horse, РёРјСЏ [Blaze], СЃРєРѕСЂРѕСЃС‚СЊ [2.7]
2025-01-06 18:10:05,370 DEBUG Horse: РЎРѕР·РґР°РЅРёРµ Horse, РёРјСЏ [Lobster], СЃРєРѕСЂРѕСЃС‚СЊ [2.8]
2025-01-06 18:10:05,370 DEBUG Horse: РЎРѕР·РґР°РЅРёРµ Horse, РёРјСЏ [Pegasus], СЃРєРѕСЂРѕСЃС‚СЊ [2.9]
2025-01-06 18:10:05,370 DEBUG Horse: РЎРѕР·РґР°РЅРёРµ Horse, РёРјСЏ [Cherry], СЃРєРѕСЂРѕСЃС‚СЊ [3.0]
2025-01-06 18:10:05,372 DEBUG Hippodrome: РЎРѕР·РґР°РЅРёРµ Hippodrome, Р»РѕС€Р°РґРµР№ [7]
2025-01-06 18:10:05,372 INFO Main: РќР°С‡Р°Р»Рѕ СЃРєР°С‡РµРє. РљРѕР»РёС‡РµСЃС‚РІРѕ СѓС‡Р°СЃС‚РЅРёРєРѕРІ: 7
2025-01-06 18:10:05,425 INFO Main: РћРєРѕРЅС‡Р°РЅРёРµ СЃРєР°С‡РµРє. РџРѕР±РµРґРёС‚РµР»СЊ: Cherry
2025-01-06 18:11:45,456 DEBUG Horse: РЎРѕР·РґР°РЅРёРµ Horse, РёРјСЏ [Bucephalus], СЃРєРѕСЂРѕСЃС‚СЊ [2.4]
2025-01-06 18:11:45,888 DEBUG Horse: РЎРѕР·РґР°РЅРёРµ Horse, РёРјСЏ [Ace of Spades], СЃРєРѕСЂРѕСЃС‚СЊ [2.5]
2025-01-06 18:11:45,891 DEBUG Horse: РЎРѕР·РґР°РЅРёРµ Horse, РёРјСЏ [Zephyr], СЃРєРѕСЂРѕСЃС‚СЊ [2.6]
2025-01-06 18:11:45,892 DEBUG Horse: РЎРѕР·РґР°РЅРёРµ Horse, РёРјСЏ [Blaze], СЃРєРѕСЂРѕСЃС‚СЊ [2.7]
2025-01-06 18:11:45,895 DEBUG Horse: РЎРѕР·РґР°РЅРёРµ Horse, РёРјСЏ [Lobster], СЃРєРѕСЂРѕСЃС‚СЊ [2.8]
2025-01-06 18:11:45,896 DEBUG Horse: РЎРѕР·РґР°РЅРёРµ Horse, РёРјСЏ [Pegasus], СЃРєРѕСЂРѕСЃС‚СЊ [2.9]
2025-01-06 18:11:45,897 DEBUG Horse: РЎРѕР·РґР°РЅРёРµ Horse, РёРјСЏ [Cherry], СЃРєРѕСЂРѕСЃС‚СЊ [3.0]
2025-01-06 18:11:45,902 DEBUG Hippodrome: РЎРѕР·РґР°РЅРёРµ Hippodrome, Р»РѕС€Р°РґРµР№ [7]
2025-01-06 18:11:45,903 INFO Main: РќР°С‡Р°Р»Рѕ СЃРєР°С‡РµРє. РљРѕР»РёС‡РµСЃС‚РІРѕ СѓС‡Р°СЃС‚РЅРёРєРѕРІ: 7
2025-01-06 18:12:11,093 INFO Main: РћРєРѕРЅС‡Р°РЅРёРµ СЃРєР°С‡РµРє. РџРѕР±РµРґРёС‚РµР»СЊ: Cherry
2025-01-06 18:31:31,808 DEBUG Horse: Создание Horse, имя [Horse 1], скорость [0.3]
2025-01-06 18:31:31,814 DEBUG Horse: Создание Horse, имя [Horse 2], скорость [0.6]
2025-01-06 18:31:31,814 DEBUG Horse: Создание Horse, имя [Horse 3], скорость [0.8999999999999999]
2025-01-06 18:31:31,814 DEBUG Horse: Создание Horse, имя [Horse 4], скорость [1.2]
2025-01-06 18:31:31,814 DEBUG Horse: Создание Horse, имя [Horse 5], скорость [1.5]
2025-01-06 18:31:31,815 DEBUG Horse: Создание Horse, имя [Horse 6], скорость [1.7999999999999998]
2025-01-06 18:31:31,815 DEBUG Horse: Создание Horse, имя [Horse 7], скорость [2.1]
2025-01-06 18:31:31,815 DEBUG Horse: Создание Horse, имя [Horse 8], скорость [2.4]
2025-01-06 18:31:31,815 DEBUG Horse: Создание Horse, имя [Horse 9], скорость [2.6999999999999997]
2025-01-06 18:31:31,815 DEBUG Horse: Создание Horse, имя [Horse 10], скорость [3.0]
2025-01-06 18:31:31,815 DEBUG Horse: Создание Horse, имя [Horse 11], скорость [3.3]
2025-01-06 18:31:31,816 DEBUG Horse: Создание Horse, имя [Horse 12], скорость [3.5999999999999996]
2025-01-06 18:31:31,816 DEBUG Horse: Создание Horse, имя [Horse 13], скорость [3.9]
2025-01-06 18:31:31,816 DEBUG Horse: Создание Horse, имя [Horse 14], скорость [4.2]
2025-01-06 18:31:31,816 DEBUG Horse: Создание Horse, имя [Horse 15], скорость [4.5]
2025-01-06 18:31:31,817 DEBUG Horse: Создание Horse, имя [Horse 16], скорость [4.8]
2025-01-06 18:31:31,817 DEBUG Horse: Создание Horse, имя [Horse 17], скорость [5.1]
2025-01-06 18:31:31,817 DEBUG Horse: Создание Horse, имя [Horse 18], скорость [5.3999999999999995]
2025-01-06 18:31:31,817 DEBUG Horse: Создание Horse, имя [Horse 19], скорость [5.7]
2025-01-06 18:31:31,817 DEBUG Horse: Создание Horse, имя [Horse 20], скорость [6.0]
2025-01-06 18:31:31,817 DEBUG Horse: Создание Horse, имя [Horse 21], скорость [6.3]
2025-01-06 18:31:31,818 DEBUG Horse: Создание Horse, имя [Horse 22], скорость [6.6]
2025-01-06 18:31:31,818 DEBUG Horse: Создание Horse, имя [Horse 23], скорость [6.8999999999999995]
2025-01-06 18:31:31,818 DEBUG Horse: Создание Horse, имя [Horse 24], скорость [7.199999999999999]
2025-01-06 18:31:31,818 DEBUG Horse: Создание Horse, имя [Horse 25], скорость [7.5]
2025-01-06 18:31:31,818 DEBUG Horse: Создание Horse, имя [Horse 26], скорость [7.8]
2025-01-06 18:31:31,818 DEBUG Horse: Создание Horse, имя [Horse 27], скорость [8.1]
2025-01-06 18:31:31,818 DEBUG Horse: Создание Horse, имя [Horse 28], скорость [8.4]
2025-01-06 18:31:31,819 DEBUG Horse: Создание Horse, имя [Horse 29], скорость [8.7]
2025-01-06 18:31:31,819 DEBUG Horse: Создание Horse, имя [Horse 30], скорость [9.0]
2025-01-06 18:31:31,819 DEBUG Horse: Создание Horse, имя [Horse A], скорость [2.6]
2025-01-06 18:31:31,819 DEBUG Horse: Создание Horse, имя [Horse B], скорость [2.9]
2025-01-06 18:31:31,819 DEBUG Horse: Создание Horse, имя [Horse C], скорость [2.7]
2025-01-06 18:31:32,076 DEBUG Hippodrome: Создание Hippodrome, лошадей [50]
2025-01-06 18:31:32,308 DEBUG Horse: Создание Horse, имя [Horse 1], скорость [0.3]
2025-01-06 18:31:32,308 DEBUG Horse: Создание Horse, имя [Horse 2], скорость [0.6]
2025-01-06 18:31:32,308 DEBUG Horse: Создание Horse, имя [Horse 3], скорость [0.8999999999999999]
2025-01-06 18:31:32,309 DEBUG Horse: Создание Horse, имя [Horse 4], скорость [1.2]
2025-01-06 18:31:32,309 DEBUG Horse: Создание Horse, имя [Horse 5], скорость [1.5]
2025-01-06 18:31:32,309 DEBUG Horse: Создание Horse, имя [Horse 6], скорость [1.7999999999999998]
2025-01-06 18:31:32,309 DEBUG Horse: Создание Horse, имя [Horse 7], скорость [2.1]
2025-01-06 18:31:32,310 DEBUG Horse: Создание Horse, имя [Horse 8], скорость [2.4]
2025-01-06 18:31:32,310 DEBUG Horse: Создание Horse, имя [Horse 9], скорость [2.6999999999999997]
2025-01-06 18:31:32,310 DEBUG Horse: Создание Horse, имя [Horse 10], скорость [3.0]
2025-01-06 18:31:32,310 DEBUG Horse: Создание Horse, имя [Horse 11], скорость [3.3]
2025-01-06 18:31:32,311 DEBUG Horse: Создание Horse, имя [Horse 12], скорость [3.5999999999999996]
2025-01-06 18:31:32,311 DEBUG Horse: Создание Horse, имя [Horse 13], скорость [3.9]
2025-01-06 18:31:32,311 DEBUG Horse: Создание Horse, имя [Horse 14], скорость [4.2]
2025-01-06 18:31:32,311 DEBUG Horse: Создание Horse, имя [Horse 15], скорость [4.5]
2025-01-06 18:31:32,311 DEBUG Horse: Создание Horse, имя [Horse 16], скорость [4.8]
2025-01-06 18:31:32,311 DEBUG Horse: Создание Horse, имя [Horse 17], скорость [5.1]
2025-01-06 18:31:32,312 DEBUG Horse: Создание Horse, имя [Horse 18], скорость [5.3999999999999995]
2025-01-06 18:31:32,312 DEBUG Horse: Создание Horse, имя [Horse 19], скорость [5.7]
2025-01-06 18:31:32,312 DEBUG Horse: Создание Horse, имя [Horse 20], скорость [6.0]
2025-01-06 18:31:32,312 DEBUG Horse: Создание Horse, имя [Horse 21], скорость [6.3]
2025-01-06 18:31:32,312 DEBUG Horse: Создание Horse, имя [Horse 22], скорость [6.6]
2025-01-06 18:31:32,313 DEBUG Horse: Создание Horse, имя [Horse 23], скорость [6.8999999999999995]
2025-01-06 18:31:32,313 DEBUG Horse: Создание Horse, имя [Horse 24], скорость [7.199999999999999]
2025-01-06 18:31:32,313 DEBUG Horse: Создание Horse, имя [Horse 25], скорость [7.5]
2025-01-06 18:31:32,313 DEBUG Horse: Создание Horse, имя [Horse 26], скорость [7.8]
2025-01-06 18:31:32,313 DEBUG Horse: Создание Horse, имя [Horse 27], скорость [8.1]
2025-01-06 18:31:32,314 DEBUG Horse: Создание Horse, имя [Horse 28], скорость [8.4]
2025-01-06 18:31:32,314 DEBUG Horse: Создание Horse, имя [Horse 29], скорость [8.7]
2025-01-06 18:31:32,314 DEBUG Horse: Создание Horse, имя [Horse 30], скорость [9.0]
2025-01-06 18:31:32,314 DEBUG Horse: Создание Horse, имя [Horse A], скорость [2.6]
2025-01-06 18:31:32,314 DEBUG Horse: Создание Horse, имя [Horse B], скорость [2.9]
2025-01-06 18:31:32,315 DEBUG Horse: Создание Horse, имя [Horse C], скорость [2.7]
2025-01-06 18:31:32,325 ERROR Hippodrome: Horses list is null
2025-01-06 18:31:32,329 ERROR Hippodrome: Horses list is empty
2025-01-06 18:31:32,342 DEBUG Horse: Создание Horse, имя [Horse 1], скорость [0.3]
2025-01-06 18:31:32,342 DEBUG Horse: Создание Horse, имя [Horse 2], скорость [0.6]
2025-01-06 18:31:32,342 DEBUG Horse: Создание Horse, имя [Horse 3], скорость [0.8999999999999999]
2025-01-06 18:31:32,343 DEBUG Horse: Создание Horse, имя [Horse 4], скорость [1.2]
2025-01-06 18:31:32,343 DEBUG Horse: Создание Horse, имя [Horse 5], скорость [1.5]
2025-01-06 18:31:32,343 DEBUG Horse: Создание Horse, имя [Horse 6], скорость [1.7999999999999998]
2025-01-06 18:31:32,343 DEBUG Horse: Создание Horse, имя [Horse 7], скорость [2.1]
2025-01-06 18:31:32,344 DEBUG Horse: Создание Horse, имя [Horse 8], скорость [2.4]
2025-01-06 18:31:32,344 DEBUG Horse: Создание Horse, имя [Horse 9], скорость [2.6999999999999997]
2025-01-06 18:31:32,344 DEBUG Horse: Создание Horse, имя [Horse 10], скорость [3.0]
2025-01-06 18:31:32,344 DEBUG Horse: Создание Horse, имя [Horse 11], скорость [3.3]
2025-01-06 18:31:32,345 DEBUG Horse: Создание Horse, имя [Horse 12], скорость [3.5999999999999996]
2025-01-06 18:31:32,345 DEBUG Horse: Создание Horse, имя [Horse 13], скорость [3.9]
2025-01-06 18:31:32,345 DEBUG Horse: Создание Horse, имя [Horse 14], скорость [4.2]
2025-01-06 18:31:32,345 DEBUG Horse: Создание Horse, имя [Horse 15], скорость [4.5]
2025-01-06 18:31:32,346 DEBUG Horse: Создание Horse, имя [Horse 16], скорость [4.8]
2025-01-06 18:31:32,346 DEBUG Horse: Создание Horse, имя [Horse 17], скорость [5.1]
2025-01-06 18:31:32,346 DEBUG Horse: Создание Horse, имя [Horse 18], скорость [5.3999999999999995]
2025-01-06 18:31:32,346 DEBUG Horse: Создание Horse, имя [Horse 19], скорость [5.7]
2025-01-06 18:31:32,346 DEBUG Horse: Создание Horse, имя [Horse 20], скорость [6.0]
2025-01-06 18:31:32,347 DEBUG Horse: Создание Horse, имя [Horse 21], скорость [6.3]
2025-01-06 18:31:32,347 DEBUG Horse: Создание Horse, имя [Horse 22], скорость [6.6]
2025-01-06 18:31:32,347 DEBUG Horse: Создание Horse, имя [Horse 23], скорость [6.8999999999999995]
2025-01-06 18:31:32,347 DEBUG Horse: Создание Horse, имя [Horse 24], скорость [7.199999999999999]
2025-01-06 18:31:32,348 DEBUG Horse: Создание Horse, имя [Horse 25], скорость [7.5]
2025-01-06 18:31:32,348 DEBUG Horse: Создание Horse, имя [Horse 26], скорость [7.8]
2025-01-06 18:31:32,348 DEBUG Horse: Создание Horse, имя [Horse 27], скорость [8.1]
2025-01-06 18:31:32,348 DEBUG Horse: Создание Horse, имя [Horse 28], скорость [8.4]
2025-01-06 18:31:32,349 DEBUG Horse: Создание Horse, имя [Horse 29], скорость [8.7]
2025-01-06 18:31:32,349 DEBUG Horse: Создание Horse, имя [Horse 30], скорость [9.0]
2025-01-06 18:31:32,349 DEBUG Horse: Создание Horse, имя [Horse A], скорость [2.6]
2025-01-06 18:31:32,349 DEBUG Horse: Создание Horse, имя [Horse B], скорость [2.9]
2025-01-06 18:31:32,349 DEBUG Horse: Создание Horse, имя [Horse C], скорость [2.7]
2025-01-06 18:31:32,350 DEBUG Hippodrome: Создание Hippodrome, лошадей [30]
2025-01-06 18:31:32,361 DEBUG Horse: Создание Horse, имя [Horse 1], скорость [0.3]
2025-01-06 18:31:32,362 DEBUG Horse: Создание Horse, имя [Horse 2], скорость [0.6]
2025-01-06 18:31:32,362 DEBUG Horse: Создание Horse, имя [Horse 3], скорость [0.8999999999999999]
2025-01-06 18:31:32,362 DEBUG Horse: Создание Horse, имя [Horse 4], скорость [1.2]
2025-01-06 18:31:32,363 DEBUG Horse: Создание Horse, имя [Horse 5], скорость [1.5]
2025-01-06 18:31:32,363 DEBUG Horse: Создание Horse, имя [Horse 6], скорость [1.7999999999999998]
2025-01-06 18:31:32,363 DEBUG Horse: Создание Horse, имя [Horse 7], скорость [2.1]
2025-01-06 18:31:32,363 DEBUG Horse: Создание Horse, имя [Horse 8], скорость [2.4]
2025-01-06 18:31:32,363 DEBUG Horse: Создание Horse, имя [Horse 9], скорость [2.6999999999999997]
2025-01-06 18:31:32,364 DEBUG Horse: Создание Horse, имя [Horse 10], скорость [3.0]
2025-01-06 18:31:32,364 DEBUG Horse: Создание Horse, имя [Horse 11], скорость [3.3]
2025-01-06 18:31:32,365 DEBUG Horse: Создание Horse, имя [Horse 12], скорость [3.5999999999999996]
2025-01-06 18:31:32,365 DEBUG Horse: Создание Horse, имя [Horse 13], скорость [3.9]
2025-01-06 18:31:32,365 DEBUG Horse: Создание Horse, имя [Horse 14], скорость [4.2]
2025-01-06 18:31:32,365 DEBUG Horse: Создание Horse, имя [Horse 15], скорость [4.5]
2025-01-06 18:31:32,365 DEBUG Horse: Создание Horse, имя [Horse 16], скорость [4.8]
2025-01-06 18:31:32,366 DEBUG Horse: Создание Horse, имя [Horse 17], скорость [5.1]
2025-01-06 18:31:32,366 DEBUG Horse: Создание Horse, имя [Horse 18], скорость [5.3999999999999995]
2025-01-06 18:31:32,366 DEBUG Horse: Создание Horse, имя [Horse 19], скорость [5.7]
2025-01-06 18:31:32,366 DEBUG Horse: Создание Horse, имя [Horse 20], скорость [6.0]
2025-01-06 18:31:32,366 DEBUG Horse: Создание Horse, имя [Horse 21], скорость [6.3]
2025-01-06 18:31:32,366 DEBUG Horse: Создание Horse, имя [Horse 22], скорость [6.6]
2025-01-06 18:31:32,367 DEBUG Horse: Создание Horse, имя [Horse 23], скорость [6.8999999999999995]
2025-01-06 18:31:32,367 DEBUG Horse: Создание Horse, имя [Horse 24], скорость [7.199999999999999]
2025-01-06 18:31:32,367 DEBUG Horse: Создание Horse, имя [Horse 25], скорость [7.5]
2025-01-06 18:31:32,368 DEBUG Horse: Создание Horse, имя [Horse 26], скорость [7.8]
2025-01-06 18:31:32,368 DEBUG Horse: Создание Horse, имя [Horse 27], скорость [8.1]
2025-01-06 18:31:32,368 DEBUG Horse: Создание Horse, имя [Horse 28], скорость [8.4]
2025-01-06 18:31:32,368 DEBUG Horse: Создание Horse, имя [Horse 29], скорость [8.7]
2025-01-06 18:31:32,368 DEBUG Horse: Создание Horse, имя [Horse 30], скорость [9.0]
2025-01-06 18:31:32,368 DEBUG Horse: Создание Horse, имя [Horse A], скорость [2.6]
2025-01-06 18:31:32,369 DEBUG Horse: Создание Horse, имя [Horse B], скорость [2.9]
2025-01-06 18:31:32,369 DEBUG Horse: Создание Horse, имя [Horse C], скорость [2.7]
2025-01-06 18:31:32,370 DEBUG Hippodrome: Создание Hippodrome, лошадей [3]
2025-01-06 18:31:32,442 DEBUG Horse: Создание Horse, имя [test string name no distance], скорость [2.66]
2025-01-06 18:31:32,442 DEBUG Horse: Создание Horse, имя [test string name with distance], скорость [1.95]
2025-01-06 18:31:32,652 DEBUG Horse: Создание Horse, имя [test string name no distance], скорость [2.66]
2025-01-06 18:31:32,653 DEBUG Horse: Создание Horse, имя [test string name with distance], скорость [1.95]
2025-01-06 18:31:32,730 DEBUG Horse: Создание Horse, имя [Horse test], скорость [2.0]
2025-01-06 18:31:32,769 DEBUG Horse: Создание Horse, имя [test string name no distance], скорость [2.66]
2025-01-06 18:31:32,769 DEBUG Horse: Создание Horse, имя [test string name with distance], скорость [1.95]
2025-01-06 18:31:32,772 DEBUG Horse: Создание Horse, имя [Horse test], скорость [3.0]
2025-01-06 18:31:32,783 DEBUG Horse: Создание Horse, имя [test string name no distance], скорость [2.66]
2025-01-06 18:31:32,783 DEBUG Horse: Создание Horse, имя [test string name with distance], скорость [1.95]
2025-01-06 18:31:32,786 DEBUG Horse: Создание Horse, имя [Horse test], скорость [4.0]
2025-01-06 18:31:32,793 DEBUG Horse: Создание Horse, имя [test string name no distance], скорость [2.66]
2025-01-06 18:31:32,793 DEBUG Horse: Создание Horse, имя [test string name with distance], скорость [1.95]
2025-01-06 18:31:32,807 DEBUG Horse: Создание Horse, имя [test string name no distance], скорость [2.66]
2025-01-06 18:31:32,807 DEBUG Horse: Создание Horse, имя [test string name with distance], скорость [1.95]
2025-01-06 18:31:32,809 ERROR Horse: Name is null
2025-01-06 18:31:32,809 ERROR Horse: Name is blank
2025-01-06 18:31:32,810 ERROR Horse: Speed is negative
2025-01-06 18:31:32,812 ERROR Horse: Distance is negative
2025-01-06 18:31:32,829 DEBUG Horse: Создание Horse, имя [test string name no distance], скорость [2.66]
2025-01-06 18:31:32,830 DEBUG Horse: Создание Horse, имя [test string name with distance], скорость [1.95]
2025-01-06 18:31:32,830 ERROR Horse: Name is null
2025-01-06 18:31:32,831 ERROR Horse: Name is blank
2025-01-06 18:31:32,831 ERROR Horse: Speed is negative
2025-01-06 18:31:32,832 ERROR Horse: Distance is negative
2025-01-06 18:31:32,843 DEBUG Horse: Создание Horse, имя [test string name no distance], скорость [2.66]
2025-01-06 18:31:32,843 DEBUG Horse: Создание Horse, имя [test string name with distance], скорость [1.95]
2025-01-06 18:31:32,844 ERROR Horse: Name is null
2025-01-06 18:31:32,844 ERROR Horse: Name is blank
2025-01-06 18:31:32,844 ERROR Horse: Speed is negative
2025-01-06 18:31:32,845 ERROR Horse: Distance is negative
2025-01-06 18:31:32,855 DEBUG Horse: Создание Horse, имя [test string name no distance], скорость [2.66]
2025-01-06 18:31:32,856 DEBUG Horse: Создание Horse, имя [test string name with distance], скорость [1.95]
2025-01-06 18:31:32,857 ERROR Horse: Name is null
2025-01-06 18:31:32,859 ERROR Horse: Name is blank
2025-01-06 18:31:32,860 ERROR Horse: Speed is negative
2025-01-06 18:31:32,860 ERROR Horse: Distance is negative
2025-01-06 18:31:32,866 DEBUG Horse: Создание Horse, имя [test string name no distance], скорость [2.66]
2025-01-06 18:31:32,866 DEBUG Horse: Создание Horse, имя [test string name with distance], скорость [1.95]
2025-01-06 18:31:32,866 ERROR Horse: Name is null
2025-01-06 18:31:32,867 ERROR Horse: Name is blank
2025-01-06 18:31:32,867 ERROR Horse: Speed is negative
2025-01-06 18:31:32,867 ERROR Horse: Distance is negative
2025-01-06 18:31:32,871 DEBUG Horse: Создание Horse, имя [test string name no distance], скорость [2.66]
2025-01-06 18:31:32,871 DEBUG Horse: Создание Horse, имя [test string name with distance], скорость [1.95]
2025-01-06 18:32:04,465 DEBUG Horse: Создание Horse, имя [Horse 1], скорость [0.3]
2025-01-06 18:32:04,471 DEBUG Horse: Создание Horse, имя [Horse 2], скорость [0.6]
2025-01-06 18:32:04,471 DEBUG Horse: Создание Horse, имя [Horse 3], скорость [0.8999999999999999]
2025-01-06 18:32:04,471 DEBUG Horse: Создание Horse, имя [Horse 4], скорость [1.2]
2025-01-06 18:32:04,471 DEBUG Horse: Создание Horse, имя [Horse 5], скорость [1.5]
2025-01-06 18:32:04,472 DEBUG Horse: Создание Horse, имя [Horse 6], скорость [1.7999999999999998]
2025-01-06 18:32:04,472 DEBUG Horse: Создание Horse, имя [Horse 7], скорость [2.1]
2025-01-06 18:32:04,472 DEBUG Horse: Создание Horse, имя [Horse 8], скорость [2.4]
2025-01-06 18:32:04,473 DEBUG Horse: Создание Horse, имя [Horse 9], скорость [2.6999999999999997]
2025-01-06 18:32:04,473 DEBUG Horse: Создание Horse, имя [Horse 10], скорость [3.0]
2025-01-06 18:32:04,473 DEBUG Horse: Создание Horse, имя [Horse 11], скорость [3.3]
2025-01-06 18:32:04,473 DEBUG Horse: Создание Horse, имя [Horse 12], скорость [3.5999999999999996]
2025-01-06 18:32:04,474 DEBUG Horse: Создание Horse, имя [Horse 13], скорость [3.9]
2025-01-06 18:32:04,474 DEBUG Horse: Создание Horse, имя [Horse 14], скорость [4.2]
2025-01-06 18:32:04,474 DEBUG Horse: Создание Horse, имя [Horse 15], скорость [4.5]
2025-01-06 18:32:04,474 DEBUG Horse: Создание Horse, имя [Horse 16], скорость [4.8]
2025-01-06 18:32:04,474 DEBUG Horse: Создание Horse, имя [Horse 17], скорость [5.1]
2025-01-06 18:32:04,475 DEBUG Horse: Создание Horse, имя [Horse 18], скорость [5.3999999999999995]
2025-01-06 18:32:04,475 DEBUG Horse: Создание Horse, имя [Horse 19], скорость [5.7]
2025-01-06 18:32:04,475 DEBUG Horse: Создание Horse, имя [Horse 20], скорость [6.0]
2025-01-06 18:32:04,475 DEBUG Horse: Создание Horse, имя [Horse 21], скорость [6.3]
2025-01-06 18:32:04,475 DEBUG Horse: Создание Horse, имя [Horse 22], скорость [6.6]
2025-01-06 18:32:04,476 DEBUG Horse: Создание Horse, имя [Horse 23], скорость [6.8999999999999995]
2025-01-06 18:32:04,476 DEBUG Horse: Создание Horse, имя [Horse 24], скорость [7.199999999999999]
2025-01-06 18:32:04,476 DEBUG Horse: Создание Horse, имя [Horse 25], скорость [7.5]
2025-01-06 18:32:04,476 DEBUG Horse: Создание Horse, имя [Horse 26], скорость [7.8]
2025-01-06 18:32:04,476 DEBUG Horse: Создание Horse, имя [Horse 27], скорость [8.1]
2025-01-06 18:32:04,477 DEBUG Horse: Создание Horse, имя [Horse 28], скорость [8.4]
2025-01-06 18:32:04,477 DEBUG Horse: Создание Horse, имя [Horse 29], скорость [8.7]
2025-01-06 18:32:04,477 DEBUG Horse: Создание Horse, имя [Horse 30], скорость [9.0]
2025-01-06 18:32:04,477 DEBUG Horse: Создание Horse, имя [Horse A], скорость [2.6]
2025-01-06 18:32:04,477 DEBUG Horse: Создание Horse, имя [Horse B], скорость [2.9]
2025-01-06 18:32:04,478 DEBUG Horse: Создание Horse, имя [Horse C], скорость [2.7]
2025-01-06 18:32:04,730 DEBUG Hippodrome: Создание Hippodrome, лошадей [50]
2025-01-06 18:32:04,944 DEBUG Horse: Создание Horse, имя [Horse 1], скорость [0.3]
2025-01-06 18:32:04,944 DEBUG Horse: Создание Horse, имя [Horse 2], скорость [0.6]
2025-01-06 18:32:04,945 DEBUG Horse: Создание Horse, имя [Horse 3], скорость [0.8999999999999999]
2025-01-06 18:32:04,945 DEBUG Horse: Создание Horse, имя [Horse 4], скорость [1.2]
2025-01-06 18:32:04,945 DEBUG Horse: Создание Horse, имя [Horse 5], скорость [1.5]
2025-01-06 18:32:04,945 DEBUG Horse: Создание Horse, имя [Horse 6], скорость [1.7999999999999998]
2025-01-06 18:32:04,946 DEBUG Horse: Создание Horse, имя [Horse 7], скорость [2.1]
2025-01-06 18:32:04,946 DEBUG Horse: Создание Horse, имя [Horse 8], скорость [2.4]
2025-01-06 18:32:04,946 DEBUG Horse: Создание Horse, имя [Horse 9], скорость [2.6999999999999997]
2025-01-06 18:32:04,946 DEBUG Horse: Создание Horse, имя [Horse 10], скорость [3.0]
2025-01-06 18:32:04,947 DEBUG Horse: Создание Horse, имя [Horse 11], скорость [3.3]
2025-01-06 18:32:04,947 DEBUG Horse: Создание Horse, имя [Horse 12], скорость [3.5999999999999996]
2025-01-06 18:32:04,947 DEBUG Horse: Создание Horse, имя [Horse 13], скорость [3.9]
2025-01-06 18:32:04,947 DEBUG Horse: Создание Horse, имя [Horse 14], скорость [4.2]
2025-01-06 18:32:04,948 DEBUG Horse: Создание Horse, имя [Horse 15], скорость [4.5]
2025-01-06 18:32:04,948 DEBUG Horse: Создание Horse, имя [Horse 16], скорость [4.8]
2025-01-06 18:32:04,948 DEBUG Horse: Создание Horse, имя [Horse 17], скорость [5.1]
2025-01-06 18:32:04,948 DEBUG Horse: Создание Horse, имя [Horse 18], скорость [5.3999999999999995]
2025-01-06 18:32:04,949 DEBUG Horse: Создание Horse, имя [Horse 19], скорость [5.7]
2025-01-06 18:32:04,949 DEBUG Horse: Создание Horse, имя [Horse 20], скорость [6.0]
2025-01-06 18:32:04,949 DEBUG Horse: Создание Horse, имя [Horse 21], скорость [6.3]
2025-01-06 18:32:04,949 DEBUG Horse: Создание Horse, имя [Horse 22], скорость [6.6]
2025-01-06 18:32:04,949 DEBUG Horse: Создание Horse, имя [Horse 23], скорость [6.8999999999999995]
2025-01-06 18:32:04,949 DEBUG Horse: Создание Horse, имя [Horse 24], скорость [7.199999999999999]
2025-01-06 18:32:04,950 DEBUG Horse: Создание Horse, имя [Horse 25], скорость [7.5]
2025-01-06 18:32:04,950 DEBUG Horse: Создание Horse, имя [Horse 26], скорость [7.8]
2025-01-06 18:32:04,950 DEBUG Horse: Создание Horse, имя [Horse 27], скорость [8.1]
2025-01-06 18:32:04,950 DEBUG Horse: Создание Horse, имя [Horse 28], скорость [8.4]
2025-01-06 18:32:04,950 DEBUG Horse: Создание Horse, имя [Horse 29], скорость [8.7]
2025-01-06 18:32:04,951 DEBUG Horse: Создание Horse, имя [Horse 30], скорость [9.0]
2025-01-06 18:32:04,951 DEBUG Horse: Создание Horse, имя [Horse A], скорость [2.6]
2025-01-06 18:32:04,951 DEBUG Horse: Создание Horse, имя [Horse B], скорость [2.9]
2025-01-06 18:32:04,951 DEBUG Horse: Создание Horse, имя [Horse C], скорость [2.7]
2025-01-06 18:32:04,962 ERROR Hippodrome: Horses list is null
2025-01-06 18:32:04,966 ERROR Hippodrome: Horses list is empty
2025-01-06 18:32:04,973 DEBUG Horse: Создание Horse, имя [Horse 1], скорость [0.3]
2025-01-06 18:32:04,973 DEBUG Horse: Создание Horse, имя [Horse 2], скорость [0.6]
2025-01-06 18:32:04,974 DEBUG Horse: Создание Horse, имя [Horse 3], скорость [0.8999999999999999]
2025-01-06 18:32:04,974 DEBUG Horse: Создание Horse, имя [Horse 4], скорость [1.2]
2025-01-06 18:32:04,974 DEBUG Horse: Создание Horse, имя [Horse 5], скорость [1.5]
2025-01-06 18:32:04,974 DEBUG Horse: Создание Horse, имя [Horse 6], скорость [1.7999999999999998]
2025-01-06 18:32:04,974 DEBUG Horse: Создание Horse, имя [Horse 7], скорость [2.1]
2025-01-06 18:32:04,974 DEBUG Horse: Создание Horse, имя [Horse 8], скорость [2.4]
2025-01-06 18:32:04,974 DEBUG Horse: Создание Horse, имя [Horse 9], скорость [2.6999999999999997]
2025-01-06 18:32:04,975 DEBUG Horse: Создание Horse, имя [Horse 10], скорость [3.0]
2025-01-06 18:32:04,975 DEBUG Horse: Создание Horse, имя [Horse 11], скорость [3.3]
2025-01-06 18:32:04,975 DEBUG Horse: Создание Horse, имя [Horse 12], скорость [3.5999999999999996]
2025-01-06 18:32:04,975 DEBUG Horse: Создание Horse, имя [Horse 13], скорость [3.9]
2025-01-06 18:32:04,975 DEBUG Horse: Создание Horse, имя [Horse 14], скорость [4.2]
2025-01-06 18:32:04,976 DEBUG Horse: Создание Horse, имя [Horse 15], скорость [4.5]
2025-01-06 18:32:04,976 DEBUG Horse: Создание Horse, имя [Horse 16], скорость [4.8]
2025-01-06 18:32:04,976 DEBUG Horse: Создание Horse, имя [Horse 17], скорость [5.1]
2025-01-06 18:32:04,976 DEBUG Horse: Создание Horse, имя [Horse 18], скорость [5.3999999999999995]
2025-01-06 18:32:04,976 DEBUG Horse: Создание Horse, имя [Horse 19], скорость [5.7]
2025-01-06 18:32:04,976 DEBUG Horse: Создание Horse, имя [Horse 20], скорость [6.0]
2025-01-06 18:32:04,976 DEBUG Horse: Создание Horse, имя [Horse 21], скорость [6.3]
2025-01-06 18:32:04,977 DEBUG Horse: Создание Horse, имя [Horse 22], скорость [6.6]
2025-01-06 18:32:04,977 DEBUG Horse: Создание Horse, имя [Horse 23], скорость [6.8999999999999995]
2025-01-06 18:32:04,977 DEBUG Horse: Создание Horse, имя [Horse 24], скорость [7.199999999999999]
2025-01-06 18:32:04,977 DEBUG Horse: Создание Horse, имя [Horse 25], скорость [7.5]
2025-01-06 18:32:04,977 DEBUG Horse: Создание Horse, имя [Horse 26], скорость [7.8]
2025-01-06 18:32:04,978 DEBUG Horse: Создание Horse, имя [Horse 27], скорость [8.1]
2025-01-06 18:32:04,978 DEBUG Horse: Создание Horse, имя [Horse 28], скорость [8.4]
2025-01-06 18:32:04,978 DEBUG Horse: Создание Horse, имя [Horse 29], скорость [8.7]
2025-01-06 18:32:04,978 DEBUG Horse: Создание Horse, имя [Horse 30], скорость [9.0]
2025-01-06 18:32:04,978 DEBUG Horse: Создание Horse, имя [Horse A], скорость [2.6]
2025-01-06 18:32:04,978 DEBUG Horse: Создание Horse, имя [Horse B], скорость [2.9]
2025-01-06 18:32:04,979 DEBUG Horse: Создание Horse, имя [Horse C], скорость [2.7]
2025-01-06 18:32:04,979 DEBUG Hippodrome: Создание Hippodrome, лошадей [30]
2025-01-06 18:32:04,985 DEBUG Horse: Создание Horse, имя [Horse 1], скорость [0.3]
2025-01-06 18:32:04,985 DEBUG Horse: Создание Horse, имя [Horse 2], скорость [0.6]
2025-01-06 18:32:04,985 DEBUG Horse: Создание Horse, имя [Horse 3], скорость [0.8999999999999999]
2025-01-06 18:32:04,986 DEBUG Horse: Создание Horse, имя [Horse 4], скорость [1.2]
2025-01-06 18:32:04,986 DEBUG Horse: Создание Horse, имя [Horse 5], скорость [1.5]
2025-01-06 18:32:04,986 DEBUG Horse: Создание Horse, имя [Horse 6], скорость [1.7999999999999998]
2025-01-06 18:32:04,986 DEBUG Horse: Создание Horse, имя [Horse 7], скорость [2.1]
2025-01-06 18:32:04,986 DEBUG Horse: Создание Horse, имя [Horse 8], скорость [2.4]
2025-01-06 18:32:04,986 DEBUG Horse: Создание Horse, имя [Horse 9], скорость [2.6999999999999997]
2025-01-06 18:32:04,986 DEBUG Horse: Создание Horse, имя [Horse 10], скорость [3.0]
2025-01-06 18:32:04,987 DEBUG Horse: Создание Horse, имя [Horse 11], скорость [3.3]
2025-01-06 18:32:04,987 DEBUG Horse: Создание Horse, имя [Horse 12], скорость [3.5999999999999996]
2025-01-06 18:32:04,987 DEBUG Horse: Создание Horse, имя [Horse 13], скорость [3.9]
2025-01-06 18:32:04,987 DEBUG Horse: Создание Horse, имя [Horse 14], скорость [4.2]
2025-01-06 18:32:04,987 DEBUG Horse: Создание Horse, имя [Horse 15], скорость [4.5]
2025-01-06 18:32:04,987 DEBUG Horse: Создание Horse, имя [Horse 16], скорость [4.8]
2025-01-06 18:32:04,987 DEBUG Horse: Создание Horse, имя [Horse 17], скорость [5.1]
2025-01-06 18:32:04,988 DEBUG Horse: Создание Horse, имя [Horse 18], скорость [5.3999999999999995]
2025-01-06 18:32:04,988 DEBUG Horse: Создание Horse, имя [Horse 19], скорость [5.7]
2025-01-06 18:32:04,988 DEBUG Horse: Создание Horse, имя [Horse 20], скорость [6.0]
2025-01-06 18:32:04,988 DEBUG Horse: Создание Horse, имя [Horse 21], скорость [6.3]
2025-01-06 18:32:04,988 DEBUG Horse: Создание Horse, имя [Horse 22], скорость [6.6]
2025-01-06 18:32:04,988 DEBUG Horse: Создание Horse, имя [Horse 23], скорость [6.8999999999999995]
2025-01-06 18:32:04,989 DEBUG Horse: Создание Horse, имя [Horse 24], скорость [7.199999999999999]
2025-01-06 18:32:04,989 DEBUG Horse: Создание Horse, имя [Horse 25], скорость [7.5]
2025-01-06 18:32:04,989 DEBUG Horse: Создание Horse, имя [Horse 26], скорость [7.8]
2025-01-06 18:32:04,990 DEBUG Horse: Создание Horse, имя [Horse 27], скорость [8.1]
2025-01-06 18:32:04,990 DEBUG Horse: Создание Horse, имя [Horse 28], скорость [8.4]
2025-01-06 18:32:04,990 DEBUG Horse: Создание Horse, имя [Horse 29], скорость [8.7]
2025-01-06 18:32:04,990 DEBUG Horse: Создание Horse, имя [Horse 30], скорость [9.0]
2025-01-06 18:32:04,990 DEBUG Horse: Создание Horse, имя [Horse A], скорость [2.6]
2025-01-06 18:32:04,990 DEBUG Horse: Создание Horse, имя [Horse B], скорость [2.9]
2025-01-06 18:32:04,990 DEBUG Horse: Создание Horse, имя [Horse C], скорость [2.7]
2025-01-06 18:32:04,991 DEBUG Hippodrome: Создание Hippodrome, лошадей [3]
2025-01-06 18:32:05,043 DEBUG Horse: Создание Horse, имя [test string name no distance], скорость [2.66]
2025-01-06 18:32:05,043 DEBUG Horse: Создание Horse, имя [test string name with distance], скорость [1.95]
2025-01-06 18:32:05,248 DEBUG Horse: Создание Horse, имя [test string name no distance], скорость [2.66]
2025-01-06 18:32:05,248 DEBUG Horse: Создание Horse, имя [test string name with distance], скорость [1.95]
2025-01-06 18:32:05,415 DEBUG Horse: Создание Horse, имя [test string name no distance], скорость [2.66]
2025-01-06 18:32:05,416 DEBUG Horse: Создание Horse, имя [test string name with distance], скорость [1.95]
2025-01-06 18:32:05,439 DEBUG Horse: Создание Horse, имя [test string name no distance], скорость [2.66]
2025-01-06 18:32:05,440 DEBUG Horse: Создание Horse, имя [test string name with distance], скорость [1.95]
2025-01-06 18:32:05,454 DEBUG Horse: Создание Horse, имя [test string name no distance], скорость [2.66]
2025-01-06 18:32:05,454 DEBUG Horse: Создание Horse, имя [test string name with distance], скорость [1.95]
2025-01-06 18:32:05,473 DEBUG Horse: Создание Horse, имя [test string name no distance], скорость [2.66]
2025-01-06 18:32:05,474 DEBUG Horse: Создание Horse, имя [test string name with distance], скорость [1.95]
2025-01-06 18:32:05,475 ERROR Horse: Name is null
2025-01-06 18:32:05,476 ERROR Horse: Name is blank
2025-01-06 18:32:05,477 ERROR Horse: Speed is negative
2025-01-06 18:32:05,479 ERROR Horse: Distance is negative
2025-01-06 18:32:05,488 DEBUG Horse: Создание Horse, имя [test string name no distance], скорость [2.66]
2025-01-06 18:32:05,488 DEBUG Horse: Создание Horse, имя [test string name with distance], скорость [1.95]
2025-01-06 18:32:05,489 ERROR Horse: Name is null
2025-01-06 18:32:05,490 ERROR Horse: Name is blank
2025-01-06 18:32:05,490 ERROR Horse: Speed is negative
2025-01-06 18:32:05,490 ERROR Horse: Distance is negative
2025-01-06 18:32:05,498 DEBUG Horse: Создание Horse, имя [test string name no distance], скорость [2.66]
2025-01-06 18:32:05,499 DEBUG Horse: Создание Horse, имя [test string name with distance], скорость [1.95]
2025-01-06 18:32:05,499 ERROR Horse: Name is null
2025-01-06 18:32:05,500 ERROR Horse: Name is blank
2025-01-06 18:32:05,500 ERROR Horse: Speed is negative
2025-01-06 18:32:05,500 ERROR Horse: Distance is negative
2025-01-06 18:32:05,507 DEBUG Horse: Создание Horse, имя [test string name no distance], скорость [2.66]
2025-01-06 18:32:05,507 DEBUG Horse: Создание Horse, имя [test string name with distance], скорость [1.95]
2025-01-06 18:32:05,508 ERROR Horse: Name is null
2025-01-06 18:32:05,508 ERROR Horse: Name is blank
2025-01-06 18:32:05,508 ERROR Horse: Speed is negative
2025-01-06 18:32:05,508 ERROR Horse: Distance is negative
2025-01-06 18:32:05,515 DEBUG Horse: Создание Horse, имя [test string name no distance], скорость [2.66]
2025-01-06 18:32:05,515 DEBUG Horse: Создание Horse, имя [test string name with distance], скорость [1.95]
2025-01-06 18:32:05,516 ERROR Horse: Name is null
2025-01-06 18:32:05,516 ERROR Horse: Name is blank
2025-01-06 18:32:05,517 ERROR Horse: Speed is negative
2025-01-06 18:32:05,517 ERROR Horse: Distance is negative
2025-01-06 18:32:05,523 DEBUG Horse: Создание Horse, имя [test string name no distance], скорость [2.66]
2025-01-06 18:32:05,523 DEBUG Horse: Создание Horse, имя [test string name with distance], скорость [1.95]
2025-01-06 18:32:57,066 DEBUG Horse: Создание Horse, имя [Horse 1], скорость [0.3]
2025-01-06 18:32:57,073 DEBUG Horse: Создание Horse, имя [Horse 2], скорость [0.6]
2025-01-06 18:32:57,074 DEBUG Horse: Создание Horse, имя [Horse 3], скорость [0.8999999999999999]
2025-01-06 18:32:57,075 DEBUG Horse: Создание Horse, имя [Horse 4], скорость [1.2]
2025-01-06 18:32:57,075 DEBUG Horse: Создание Horse, имя [Horse 5], скорость [1.5]
2025-01-06 18:32:57,075 DEBUG Horse: Создание Horse, имя [Horse 6], скорость [1.7999999999999998]
2025-01-06 18:32:57,076 DEBUG Horse: Создание Horse, имя [Horse 7], скорость [2.1]
2025-01-06 18:32:57,076 DEBUG Horse: Создание Horse, имя [Horse 8], скорость [2.4]
2025-01-06 18:32:57,077 DEBUG Horse: Создание Horse, имя [Horse 9], скорость [2.6999999999999997]
2025-01-06 18:32:57,077 DEBUG Horse: Создание Horse, имя [Horse 10], скорость [3.0]
2025-01-06 18:32:57,077 DEBUG Horse: Создание Horse, имя [Horse 11], скорость [3.3]
2025-01-06 18:32:57,077 DEBUG Horse: Создание Horse, имя [Horse 12], скорость [3.5999999999999996]
2025-01-06 18:32:57,077 DEBUG Horse: Создание Horse, имя [Horse 13], скорость [3.9]
2025-01-06 18:32:57,078 DEBUG Horse: Создание Horse, имя [Horse 14], скорость [4.2]
2025-01-06 18:32:57,078 DEBUG Horse: Создание Horse, имя [Horse 15], скорость [4.5]
2025-01-06 18:32:57,078 DEBUG Horse: Создание Horse, имя [Horse 16], скорость [4.8]
2025-01-06 18:32:57,078 DEBUG Horse: Создание Horse, имя [Horse 17], скорость [5.1]
2025-01-06 18:32:57,079 DEBUG Horse: Создание Horse, имя [Horse 18], скорость [5.3999999999999995]
2025-01-06 18:32:57,079 DEBUG Horse: Создание Horse, имя [Horse 19], скорость [5.7]
2025-01-06 18:32:57,079 DEBUG Horse: Создание Horse, имя [Horse 20], скорость [6.0]
2025-01-06 18:32:57,079 DEBUG Horse: Создание Horse, имя [Horse 21], скорость [6.3]
2025-01-06 18:32:57,080 DEBUG Horse: Создание Horse, имя [Horse 22], скорость [6.6]
2025-01-06 18:32:57,080 DEBUG Horse: Создание Horse, имя [Horse 23], скорость [6.8999999999999995]
2025-01-06 18:32:57,080 DEBUG Horse: Создание Horse, имя [Horse 24], скорость [7.199999999999999]
2025-01-06 18:32:57,080 DEBUG Horse: Создание Horse, имя [Horse 25], скорость [7.5]
2025-01-06 18:32:57,080 DEBUG Horse: Создание Horse, имя [Horse 26], скорость [7.8]
2025-01-06 18:32:57,081 DEBUG Horse: Создание Horse, имя [Horse 27], скорость [8.1]
2025-01-06 18:32:57,081 DEBUG Horse: Создание Horse, имя [Horse 28], скорость [8.4]
2025-01-06 18:32:57,081 DEBUG Horse: Создание Horse, имя [Horse 29], скорость [8.7]
2025-01-06 18:32:57,081 DEBUG Horse: Создание Horse, имя [Horse 30], скорость [9.0]
2025-01-06 18:32:57,081 DEBUG Horse: Создание Horse, имя [Horse A], скорость [2.6]
2025-01-06 18:32:57,082 DEBUG Horse: Создание Horse, имя [Horse B], скорость [2.9]
2025-01-06 18:32:57,082 DEBUG Horse: Создание Horse, имя [Horse C], скорость [2.7]
2025-01-06 18:32:57,408 DEBUG Hippodrome: Создание Hippodrome, лошадей [50]
2025-01-06 18:32:57,637 DEBUG Horse: Создание Horse, имя [Horse 1], скорость [0.3]
2025-01-06 18:32:57,637 DEBUG Horse: Создание Horse, имя [Horse 2], скорость [0.6]
2025-01-06 18:32:57,637 DEBUG Horse: Создание Horse, имя [Horse 3], скорость [0.8999999999999999]
2025-01-06 18:32:57,637 DEBUG Horse: Создание Horse, имя [Horse 4], скорость [1.2]
2025-01-06 18:32:57,638 DEBUG Horse: Создание Horse, имя [Horse 5], скорость [1.5]
2025-01-06 18:32:57,638 DEBUG Horse: Создание Horse, имя [Horse 6], скорость [1.7999999999999998]
2025-01-06 18:32:57,638 DEBUG Horse: Создание Horse, имя [Horse 7], скорость [2.1]
2025-01-06 18:32:57,638 DEBUG Horse: Создание Horse, имя [Horse 8], скорость [2.4]
2025-01-06 18:32:57,639 DEBUG Horse: Создание Horse, имя [Horse 9], скорость [2.6999999999999997]
2025-01-06 18:32:57,639 DEBUG Horse: Создание Horse, имя [Horse 10], скорость [3.0]
2025-01-06 18:32:57,639 DEBUG Horse: Создание Horse, имя [Horse 11], скорость [3.3]
2025-01-06 18:32:57,639 DEBUG Horse: Создание Horse, имя [Horse 12], скорость [3.5999999999999996]
2025-01-06 18:32:57,640 DEBUG Horse: Создание Horse, имя [Horse 13], скорость [3.9]
2025-01-06 18:32:57,640 DEBUG Horse: Создание Horse, имя [Horse 14], скорость [4.2]
2025-01-06 18:32:57,640 DEBUG Horse: Создание Horse, имя [Horse 15], скорость [4.5]
2025-01-06 18:32:57,640 DEBUG Horse: Создание Horse, имя [Horse 16], скорость [4.8]
2025-01-06 18:32:57,641 DEBUG Horse: Создание Horse, имя [Horse 17], скорость [5.1]
2025-01-06 18:32:57,641 DEBUG Horse: Создание Horse, имя [Horse 18], скорость [5.3999999999999995]
2025-01-06 18:32:57,641 DEBUG Horse: Создание Horse, имя [Horse 19], скорость [5.7]
2025-01-06 18:32:57,641 DEBUG Horse: Создание Horse, имя [Horse 20], скорость [6.0]
2025-01-06 18:32:57,642 DEBUG Horse: Создание Horse, имя [Horse 21], скорость [6.3]
2025-01-06 18:32:57,642 DEBUG Horse: Создание Horse, имя [Horse 22], скорость [6.6]
2025-01-06 18:32:57,642 DEBUG Horse: Создание Horse, имя [Horse 23], скорость [6.8999999999999995]
2025-01-06 18:32:57,642 DEBUG Horse: Создание Horse, имя [Horse 24], скорость [7.199999999999999]
2025-01-06 18:32:57,643 DEBUG Horse: Создание Horse, имя [Horse 25], скорость [7.5]
2025-01-06 18:32:57,643 DEBUG Horse: Создание Horse, имя [Horse 26], скорость [7.8]
2025-01-06 18:32:57,643 DEBUG Horse: Создание Horse, имя [Horse 27], скорость [8.1]
2025-01-06 18:32:57,643 DEBUG Horse: Создание Horse, имя [Horse 28], скорость [8.4]
2025-01-06 18:32:57,643 DEBUG Horse: Создание Horse, имя [Horse 29], скорость [8.7]
2025-01-06 18:32:57,644 DEBUG Horse: Создание Horse, имя [Horse 30], скорость [9.0]
2025-01-06 18:32:57,644 DEBUG Horse: Создание Horse, имя [Horse A], скорость [2.6]
2025-01-06 18:32:57,644 DEBUG Horse: Создание Horse, имя [Horse B], скорость [2.9]
2025-01-06 18:32:57,644 DEBUG Horse: Создание Horse, имя [Horse C], скорость [2.7]
2025-01-06 18:32:57,655 ERROR Hippodrome: Horses list is null
2025-01-06 18:32:57,659 ERROR Hippodrome: Horses list is empty
2025-01-06 18:32:57,671 DEBUG Horse: Создание Horse, имя [Horse 1], скорость [0.3]
2025-01-06 18:32:57,671 DEBUG Horse: Создание Horse, имя [Horse 2], скорость [0.6]
2025-01-06 18:32:57,671 DEBUG Horse: Создание Horse, имя [Horse 3], скорость [0.8999999999999999]
2025-01-06 18:32:57,671 DEBUG Horse: Создание Horse, имя [Horse 4], скорость [1.2]
2025-01-06 18:32:57,671 DEBUG Horse: Создание Horse, имя [Horse 5], скорость [1.5]
2025-01-06 18:32:57,672 DEBUG Horse: Создание Horse, имя [Horse 6], скорость [1.7999999999999998]
2025-01-06 18:32:57,672 DEBUG Horse: Создание Horse, имя [Horse 7], скорость [2.1]
2025-01-06 18:32:57,672 DEBUG Horse: Создание Horse, имя [Horse 8], скорость [2.4]
2025-01-06 18:32:57,672 DEBUG Horse: Создание Horse, имя [Horse 9], скорость [2.6999999999999997]
2025-01-06 18:32:57,672 DEBUG Horse: Создание Horse, имя [Horse 10], скорость [3.0]
2025-01-06 18:32:57,673 DEBUG Horse: Создание Horse, имя [Horse 11], скорость [3.3]
2025-01-06 18:32:57,673 DEBUG Horse: Создание Horse, имя [Horse 12], скорость [3.5999999999999996]
2025-01-06 18:32:57,673 DEBUG Horse: Создание Horse, имя [Horse 13], скорость [3.9]
2025-01-06 18:32:57,673 DEBUG Horse: Создание Horse, имя [Horse 14], скорость [4.2]
2025-01-06 18:32:57,673 DEBUG Horse: Создание Horse, имя [Horse 15], скорость [4.5]
2025-01-06 18:32:57,673 DEBUG Horse: Создание Horse, имя [Horse 16], скорость [4.8]
2025-01-06 18:32:57,674 DEBUG Horse: Создание Horse, имя [Horse 17], скорость [5.1]
2025-01-06 18:32:57,674 DEBUG Horse: Создание Horse, имя [Horse 18], скорость [5.3999999999999995]
2025-01-06 18:32:57,674 DEBUG Horse: Создание Horse, имя [Horse 19], скорость [5.7]
2025-01-06 18:32:57,674 DEBUG Horse: Создание Horse, имя [Horse 20], скорость [6.0]
2025-01-06 18:32:57,674 DEBUG Horse: Создание Horse, имя [Horse 21], скорость [6.3]
2025-01-06 18:32:57,675 DEBUG Horse: Создание Horse, имя [Horse 22], скорость [6.6]
2025-01-06 18:32:57,675 DEBUG Horse: Создание Horse, имя [Horse 23], скорость [6.8999999999999995]
2025-01-06 18:32:57,675 DEBUG Horse: Создание Horse, имя [Horse 24], скорость [7.199999999999999]
2025-01-06 18:32:57,675 DEBUG Horse: Создание Horse, имя [Horse 25], скорость [7.5]
2025-01-06 18:32:57,675 DEBUG Horse: Создание Horse, имя [Horse 26], скорость [7.8]
2025-01-06 18:32:57,676 DEBUG Horse: Создание Horse, имя [Horse 27], скорость [8.1]
2025-01-06 18:32:57,676 DEBUG Horse: Создание Horse, имя [Horse 28], скорость [8.4]
2025-01-06 18:32:57,676 DEBUG Horse: Создание Horse, имя [Horse 29], скорость [8.7]
2025-01-06 18:32:57,676 DEBUG Horse: Создание Horse, имя [Horse 30], скорость [9.0]
2025-01-06 18:32:57,676 DEBUG Horse: Создание Horse, имя [Horse A], скорость [2.6]
2025-01-06 18:32:57,677 DEBUG Horse: Создание Horse, имя [Horse B], скорость [2.9]
2025-01-06 18:32:57,677 DEBUG Horse: Создание Horse, имя [Horse C], скорость [2.7]
2025-01-06 18:32:57,677 DEBUG Hippodrome: Создание Hippodrome, лошадей [30]
2025-01-06 18:32:57,684 DEBUG Horse: Создание Horse, имя [Horse 1], скорость [0.3]
2025-01-06 18:32:57,685 DEBUG Horse: Создание Horse, имя [Horse 2], скорость [0.6]
2025-01-06 18:32:57,685 DEBUG Horse: Создание Horse, имя [Horse 3], скорость [0.8999999999999999]
2025-01-06 18:32:57,685 DEBUG Horse: Создание Horse, имя [Horse 4], скорость [1.2]
2025-01-06 18:32:57,685 DEBUG Horse: Создание Horse, имя [Horse 5], скорость [1.5]
2025-01-06 18:32:57,686 DEBUG Horse: Создание Horse, имя [Horse 6], скорость [1.7999999999999998]
2025-01-06 18:32:57,686 DEBUG Horse: Создание Horse, имя [Horse 7], скорость [2.1]
2025-01-06 18:32:57,686 DEBUG Horse: Создание Horse, имя [Horse 8], скорость [2.4]
2025-01-06 18:32:57,686 DEBUG Horse: Создание Horse, имя [Horse 9], скорость [2.6999999999999997]
2025-01-06 18:32:57,687 DEBUG Horse: Создание Horse, имя [Horse 10], скорость [3.0]
2025-01-06 18:32:57,687 DEBUG Horse: Создание Horse, имя [Horse 11], скорость [3.3]
2025-01-06 18:32:57,687 DEBUG Horse: Создание Horse, имя [Horse 12], скорость [3.5999999999999996]
2025-01-06 18:32:57,687 DEBUG Horse: Создание Horse, имя [Horse 13], скорость [3.9]
2025-01-06 18:32:57,687 DEBUG Horse: Создание Horse, имя [Horse 14], скорость [4.2]
2025-01-06 18:32:57,687 DEBUG Horse: Создание Horse, имя [Horse 15], скорость [4.5]
2025-01-06 18:32:57,688 DEBUG Horse: Создание Horse, имя [Horse 16], скорость [4.8]
2025-01-06 18:32:57,688 DEBUG Horse: Создание Horse, имя [Horse 17], скорость [5.1]
2025-01-06 18:32:57,688 DEBUG Horse: Создание Horse, имя [Horse 18], скорость [5.3999999999999995]
2025-01-06 18:32:57,688 DEBUG Horse: Создание Horse, имя [Horse 19], скорость [5.7]
2025-01-06 18:32:57,688 DEBUG Horse: Создание Horse, имя [Horse 20], скорость [6.0]
2025-01-06 18:32:57,689 DEBUG Horse: Создание Horse, имя [Horse 21], скорость [6.3]
2025-01-06 18:32:57,689 DEBUG Horse: Создание Horse, имя [Horse 22], скорость [6.6]
2025-01-06 18:32:57,689 DEBUG Horse: Создание Horse, имя [Horse 23], скорость [6.8999999999999995]
2025-01-06 18:32:57,689 DEBUG Horse: Создание Horse, имя [Horse 24], скорость [7.199999999999999]
2025-01-06 18:32:57,690 DEBUG Horse: Создание Horse, имя [Horse 25], скорость [7.5]
2025-01-06 18:32:57,690 DEBUG Horse: Создание Horse, имя [Horse 26], скорость [7.8]
2025-01-06 18:32:57,690 DEBUG Horse: Создание Horse, имя [Horse 27], скорость [8.1]
2025-01-06 18:32:57,691 DEBUG Horse: Создание Horse, имя [Horse 28], скорость [8.4]
2025-01-06 18:32:57,691 DEBUG Horse: Создание Horse, имя [Horse 29], скорость [8.7]
2025-01-06 18:32:57,691 DEBUG Horse: Создание Horse, имя [Horse 30], скорость [9.0]
2025-01-06 18:32:57,691 DEBUG Horse: Создание Horse, имя [Horse A], скорость [2.6]
2025-01-06 18:32:57,691 DEBUG Horse: Создание Horse, имя [Horse B], скорость [2.9]
2025-01-06 18:32:57,691 DEBUG Horse: Создание Horse, имя [Horse C], скорость [2.7]
2025-01-06 18:32:57,692 DEBUG Hippodrome: Создание Hippodrome, лошадей [3]
2025-01-06 18:32:57,762 DEBUG Horse: Создание Horse, имя [test string name no distance], скорость [2.66]
2025-01-06 18:32:57,762 DEBUG Horse: Создание Horse, имя [test string name with distance], скорость [1.95]
2025-01-06 18:32:57,965 DEBUG Horse: Создание Horse, имя [test string name no distance], скорость [2.66]
2025-01-06 18:32:57,965 DEBUG Horse: Создание Horse, имя [test string name with distance], скорость [1.95]
2025-01-06 18:32:58,044 DEBUG Horse: Создание Horse, имя [Horse test], скорость [2.0]
2025-01-06 18:32:58,081 DEBUG Horse: Создание Horse, имя [test string name no distance], скорость [2.66]
2025-01-06 18:32:58,082 DEBUG Horse: Создание Horse, имя [test string name with distance], скорость [1.95]
2025-01-06 18:32:58,084 DEBUG Horse: Создание Horse, имя [Horse test], скорость [3.0]
2025-01-06 18:32:58,097 DEBUG Horse: Создание Horse, имя [test string name no distance], скорость [2.66]
2025-01-06 18:32:58,097 DEBUG Horse: Создание Horse, имя [test string name with distance], скорость [1.95]
2025-01-06 18:32:58,100 DEBUG Horse: Создание Horse, имя [Horse test], скорость [4.0]
2025-01-06 18:32:58,107 DEBUG Horse: Создание Horse, имя [test string name no distance], скорость [2.66]
2025-01-06 18:32:58,107 DEBUG Horse: Создание Horse, имя [test string name with distance], скорость [1.95]
2025-01-06 18:32:58,122 DEBUG Horse: Создание Horse, имя [test string name no distance], скорость [2.66]
2025-01-06 18:32:58,122 DEBUG Horse: Создание Horse, имя [test string name with distance], скорость [1.95]
2025-01-06 18:32:58,123 ERROR Horse: Name is null
2025-01-06 18:32:58,124 ERROR Horse: Name is blank
2025-01-06 18:32:58,125 ERROR Horse: Speed is negative
2025-01-06 18:32:58,126 ERROR Horse: Distance is negative
2025-01-06 18:32:58,136 DEBUG Horse: Создание Horse, имя [test string name no distance], скорость [2.66]
2025-01-06 18:32:58,136 DEBUG Horse: Создание Horse, имя [test string name with distance], скорость [1.95]
2025-01-06 18:32:58,137 ERROR Horse: Name is null
2025-01-06 18:32:58,137 ERROR Horse: Name is blank
2025-01-06 18:32:58,137 ERROR Horse: Speed is negative
2025-01-06 18:32:58,137 ERROR Horse: Distance is negative
2025-01-06 18:32:58,144 DEBUG Horse: Создание Horse, имя [test string name no distance], скорость [2.66]
2025-01-06 18:32:58,144 DEBUG Horse: Создание Horse, имя [test string name with distance], скорость [1.95]
2025-01-06 18:32:58,145 ERROR Horse: Name is null
2025-01-06 18:32:58,145 ERROR Horse: Name is blank
2025-01-06 18:32:58,146 ERROR Horse: Speed is negative
2025-01-06 18:32:58,146 ERROR Horse: Distance is negative
2025-01-06 18:32:58,152 DEBUG Horse: Создание Horse, имя [test string name no distance], скорость [2.66]
2025-01-06 18:32:58,153 DEBUG Horse: Создание Horse, имя [test string name with distance], скорость [1.95]
2025-01-06 18:32:58,153 ERROR Horse: Name is null
2025-01-06 18:32:58,154 ERROR Horse: Name is blank
2025-01-06 18:32:58,154 ERROR Horse: Speed is negative
2025-01-06 18:32:58,154 ERROR Horse: Distance is negative
2025-01-06 18:32:58,161 DEBUG Horse: Создание Horse, имя [test string name no distance], скорость [2.66]
2025-01-06 18:32:58,162 DEBUG Horse: Создание Horse, имя [test string name with distance], скорость [1.95]
2025-01-06 18:32:58,162 ERROR Horse: Name is null
2025-01-06 18:32:58,162 ERROR Horse: Name is blank
2025-01-06 18:32:58,163 ERROR Horse: Speed is negative
2025-01-06 18:32:58,163 ERROR Horse: Distance is negative
2025-01-06 18:32:58,168 DEBUG Horse: Создание Horse, имя [test string name no distance], скорость [2.66]
2025-01-06 18:32:58,169 DEBUG Horse: Создание Horse, имя [test string name with distance], скорость [1.95]
